{"level":"INFO","event":"STARTUP","message":"RSA key pair initialized","timestamp":"2026-04-04T00:05:20.916856Z"}
{"level":"FATAL","errorClass":"PSQLException","errorMessage":"Connection to localhost:5432 refused. Check that the hostname and port are correct and that the postmaster is accepting TCP/IP connections.","stackTrace":"org.postgresql.util.PSQLException: Connection to localhost:5432 refused. Check that the hostname and port are correct and that the postmaster is accepting TCP/IP connections.\n\tat org.postgresql.core.v3.ConnectionFactoryImpl.openConnectionImpl(ConnectionFactoryImpl.java:346)\n\tat org.postgresql.core.ConnectionFactory.openConnection(ConnectionFactory.java:54)\n\tat org.postgresql.jdbc.PgConnection.<init>(PgConnection.java:273)\n\tat org.postgresql.Driver.makeConnection(Driver.java:446)\n\tat org.postgres...","event":"STARTUP_FAILED","message":"PostgreSQL connection failed","timestamp":"2026-04-04T00:05:21.109584Z"}
{"level":"INFO","event":"STARTUP","message":"RSA key pair initialized","timestamp":"2026-04-04T00:08:35.509902Z"}
{"level":"FATAL","errorClass":"PSQLException","errorMessage":"Connection to localhost:5432 refused. Check that the hostname and port are correct and that the postmaster is accepting TCP/IP connections.","stackTrace":"org.postgresql.util.PSQLException: Connection to localhost:5432 refused. Check that the hostname and port are correct and that the postmaster is accepting TCP/IP connections.\n\tat org.postgresql.core.v3.ConnectionFactoryImpl.openConnectionImpl(ConnectionFactoryImpl.java:346)\n\tat org.postgresql.core.ConnectionFactory.openConnection(ConnectionFactory.java:54)\n\tat org.postgresql.jdbc.PgConnection.<init>(PgConnection.java:273)\n\tat org.postgresql.Driver.makeConnection(Driver.java:446)\n\tat org.postgres...","event":"STARTUP_FAILED","message":"PostgreSQL connection failed","timestamp":"2026-04-04T00:08:35.729775Z"}
{"level":"INFO","event":"STARTUP","message":"RSA key pair initialized","timestamp":"2026-04-04T00:09:34.592183Z"}
{"level":"FATAL","errorClass":"PSQLException","errorMessage":"Connection to localhost:5432 refused. Check that the hostname and port are correct and that the postmaster is accepting TCP/IP connections.","stackTrace":"org.postgresql.util.PSQLException: Connection to localhost:5432 refused. Check that the hostname and port are correct and that the postmaster is accepting TCP/IP connections.\n\tat org.postgresql.core.v3.ConnectionFactoryImpl.openConnectionImpl(ConnectionFactoryImpl.java:346)\n\tat org.postgresql.core.ConnectionFactory.openConnection(ConnectionFactory.java:54)\n\tat org.postgresql.jdbc.PgConnection.<init>(PgConnection.java:273)\n\tat org.postgresql.Driver.makeConnection(Driver.java:446)\n\tat org.postgres...","event":"STARTUP_FAILED","message":"PostgreSQL connection failed","timestamp":"2026-04-04T00:09:35.156973Z"}
{"level":"INFO","event":"STARTUP","message":"RSA key pair initialized","timestamp":"2026-04-04T00:10:57.891904Z"}
{"level":"INFO","event":"STARTUP","message":"PostgreSQL connected successfully","timestamp":"2026-04-04T00:10:59.004529Z"}
{"level":"INFO","event":"STARTUP","message":"Redis connected successfully","timestamp":"2026-04-04T00:11:00.036927Z"}
{"path":"/auth/register","method":"POST","level":"INFO","ipAddress":"0:0:0:0:0:0:0:1","event":"HTTP_REQUEST","message":"POST /auth/register → 200","userId":null,"durationMs":10080,"timestamp":"2026-04-04T00:13:10.010365Z","statusCode":200}
{"path":"/auth/register","level":"WARN","thresholdMs":500,"event":"SLOW_REQUEST","message":"Request took 10103ms","durationMs":10103,"timestamp":"2026-04-04T00:13:10.029254Z"}
{"path":"/auth/register","method":"POST","level":"ERROR","ip":"0:0:0:0:0:0:0:1","errorClass":"DatabaseException","errorMessage":"Database error during: save role-specific data","stackTrace":"com.hospital.exception.DatabaseException: Database error during: save role-specific data\n\tat com.hospital.exception.DatabaseException.wrap(DatabaseException.java:11)\n\tat com.hospital.store.UserStore.saveRoleSpecificData(UserStore.java:104)\n\tat com.hospital.store.UserStore.save(UserStore.java:48)\n\tat com.hospital.service.AuthService.register(AuthService.java:55)\n\tat com.hospital.handler.AuthHandler.register(AuthHandler.java:45)\n\tat com.hospital.Router.route(Router.java:88)\n\tat com.hospital.Router...","event":"APP_EXCEPTION","message":"Database error during: save role-specific data","timestamp":"2026-04-04T00:13:39.270303Z"}
{"path":"/auth/register","method":"POST","level":"ERROR","ipAddress":"0:0:0:0:0:0:0:1","event":"HTTP_REQUEST","message":"POST /auth/register → 500","userId":null,"durationMs":1044,"timestamp":"2026-04-04T00:13:39.273889Z","statusCode":500}
{"path":"/auth/register","level":"WARN","thresholdMs":500,"event":"SLOW_REQUEST","message":"Request took 1046ms","durationMs":1046,"timestamp":"2026-04-04T00:13:39.275959Z"}
{"path":"/auth/register","method":"POST","level":"INFO","ipAddress":"0:0:0:0:0:0:0:1","event":"HTTP_REQUEST","message":"POST /auth/register → 200","userId":null,"durationMs":7771,"timestamp":"2026-04-04T00:14:18.553672Z","statusCode":200}
{"path":"/auth/register","level":"WARN","thresholdMs":500,"event":"SLOW_REQUEST","message":"Request took 7773ms","durationMs":7773,"timestamp":"2026-04-04T00:14:18.555315Z"}
{"level":"INFO","event":"STARTUP","message":"RSA key pair initialized","timestamp":"2026-04-04T00:22:35.525265Z"}
{"level":"INFO","event":"STARTUP","message":"PostgreSQL connected successfully","timestamp":"2026-04-04T00:22:36.414882Z"}
{"level":"INFO","event":"STARTUP","message":"Redis connected successfully","timestamp":"2026-04-04T00:22:37.081879Z"}
{"path":"/auth/register","method":"POST","level":"WARN","ip":"0:0:0:0:0:0:0:1","errorCode":"CONFLICT","event":"APP_EXCEPTION","message":"Email is already registered","timestamp":"2026-04-04T00:23:02.036360Z"}
{"path":"/auth/register","method":"POST","level":"WARN","ipAddress":"0:0:0:0:0:0:0:1","event":"HTTP_REQUEST","message":"POST /auth/register → 409","userId":null,"durationMs":283,"timestamp":"2026-04-04T00:23:02.051741Z","statusCode":409}
{"path":"/auth/register","method":"POST","level":"ERROR","ip":"0:0:0:0:0:0:0:1","errorClass":"DatabaseException","errorMessage":"Database error during: save role-specific data","stackTrace":"com.hospital.exception.DatabaseException: Database error during: save role-specific data\n\tat com.hospital.exception.DatabaseException.wrap(DatabaseException.java:11)\n\tat com.hospital.store.UserStore.saveRoleSpecificData(UserStore.java:109)\n\tat com.hospital.store.UserStore.save(UserStore.java:48)\n\tat com.hospital.service.AuthService.register(AuthService.java:55)\n\tat com.hospital.handler.AuthHandler.register(AuthHandler.java:45)\n\tat com.hospital.Router.route(Router.java:88)\n\tat com.hospital.Router...","event":"APP_EXCEPTION","message":"Database error during: save role-specific data","timestamp":"2026-04-04T00:29:48.796928Z"}
{"path":"/auth/register","method":"POST","level":"ERROR","ipAddress":"0:0:0:0:0:0:0:1","event":"HTTP_REQUEST","message":"POST /auth/register → 500","userId":null,"durationMs":1891,"timestamp":"2026-04-04T00:29:48.805291Z","statusCode":500}
{"path":"/auth/register","level":"WARN","thresholdMs":500,"event":"SLOW_REQUEST","message":"Request took 1894ms","durationMs":1894,"timestamp":"2026-04-04T00:29:48.833210Z"}
{"level":"INFO","event":"STARTUP","message":"RSA key pair initialized","timestamp":"2026-04-04T00:35:31.496279Z"}
{"level":"INFO","event":"STARTUP","message":"PostgreSQL connected successfully","timestamp":"2026-04-04T00:35:32.819595Z"}
{"level":"INFO","event":"STARTUP","message":"Redis connected successfully","timestamp":"2026-04-04T00:35:34.550895Z"}
{"path":"/auth/register","method":"POST","level":"WARN","ip":"0:0:0:0:0:0:0:1","errorCode":"CONFLICT","event":"APP_EXCEPTION","message":"Email is already registered","timestamp":"2026-04-04T00:35:41.679424Z"}
{"path":"/auth/register","method":"POST","level":"WARN","ipAddress":"0:0:0:0:0:0:0:1","event":"HTTP_REQUEST","message":"POST /auth/register → 409","userId":null,"durationMs":466,"timestamp":"2026-04-04T00:35:41.690698Z","statusCode":409}
{"path":"/auth/register","level":"WARN","thresholdMs":500,"event":"SLOW_REQUEST","message":"Request took 511ms","durationMs":511,"timestamp":"2026-04-04T00:35:41.743305Z"}
{"path":"/auth/verify","method":"GET","level":"INFO","ipAddress":"0:0:0:0:0:0:0:1","event":"HTTP_REQUEST","message":"GET /auth/verify → 200","userId":null,"durationMs":238,"timestamp":"2026-04-04T00:37:34.321541Z","statusCode":200}
{"path":"/auth/verify","method":"GET","level":"INFO","ipAddress":"0:0:0:0:0:0:0:1","event":"HTTP_REQUEST","message":"GET /auth/verify → 200","userId":null,"durationMs":132,"timestamp":"2026-04-04T00:37:34.483314Z","statusCode":200}
{"path":"/auth/login","method":"POST","level":"ERROR","ip":"0:0:0:0:0:0:0:1","errorClass":"UnsupportedOperationException","errorMessage":null,"stackTrace":"java.lang.UnsupportedOperationException\n\tat java.base/java.util.ImmutableCollections.uoe(ImmutableCollections.java:159)\n\tat java.base/java.util.ImmutableCollections$AbstractImmutableMap.put(ImmutableCollections.java:1318)\n\tat com.hospital.util.Logger.business(Logger.java:129)\n\tat com.hospital.service.AuthService.login(AuthService.java:150)\n\tat com.hospital.handler.AuthHandler.login(AuthHandler.java:99)\n\tat com.hospital.Router.route(Router.java:94)\n\tat com.hospital.Router.handle(Router.java:50)\n\t...","event":"UNHANDLED_ERROR","message":"Unhandled exception in router","timestamp":"2026-04-04T00:37:52.685516Z"}
{"path":"/auth/login","method":"POST","level":"ERROR","ipAddress":"0:0:0:0:0:0:0:1","event":"HTTP_REQUEST","message":"POST /auth/login → 500","userId":null,"durationMs":813,"timestamp":"2026-04-04T00:37:52.687302Z","statusCode":500}
{"path":"/auth/login","level":"WARN","thresholdMs":500,"event":"SLOW_REQUEST","message":"Request took 814ms","durationMs":814,"timestamp":"2026-04-04T00:37:52.688180Z"}
{"path":"/auth/register","method":"POST","level":"ERROR","ip":"0:0:0:0:0:0:0:1","errorClass":"DatabaseException","errorMessage":"Database error during: save role-specific data","stackTrace":"com.hospital.exception.DatabaseException: Database error during: save role-specific data\n\tat com.hospital.exception.DatabaseException.wrap(DatabaseException.java:11)\n\tat com.hospital.store.UserStore.saveRoleSpecificData(UserStore.java:109)\n\tat com.hospital.store.UserStore.save(UserStore.java:48)\n\tat com.hospital.service.AuthService.register(AuthService.java:55)\n\tat com.hospital.handler.AuthHandler.register(AuthHandler.java:45)\n\tat com.hospital.Router.route(Router.java:88)\n\tat com.hospital.Router...","event":"APP_EXCEPTION","message":"Database error during: save role-specific data","timestamp":"2026-04-04T00:43:22.212974Z"}
{"path":"/auth/register","method":"POST","level":"ERROR","ipAddress":"0:0:0:0:0:0:0:1","event":"HTTP_REQUEST","message":"POST /auth/register → 500","userId":null,"durationMs":686,"timestamp":"2026-04-04T00:43:22.216511Z","statusCode":500}
{"path":"/auth/register","level":"WARN","thresholdMs":500,"event":"SLOW_REQUEST","message":"Request took 687ms","durationMs":687,"timestamp":"2026-04-04T00:43:22.217513Z"}
{"level":"INFO","event":"STARTUP","message":"RSA key pair initialized","timestamp":"2026-04-04T01:03:34.337753Z"}
{"level":"INFO","event":"STARTUP","message":"PostgreSQL connected successfully","timestamp":"2026-04-04T01:03:36.137268Z"}
{"level":"INFO","event":"STARTUP","message":"Redis connected successfully","timestamp":"2026-04-04T01:03:38.609707Z"}
{"role":"DOCTOR","level":"INFO","ip":"0:0:0:0:0:0:0:1","event":"LOGIN_SUCCESS","message":"User logged in successfully","userId":"0cffc603-285d-4a80-8f85-2a6724c598a5","email":"dr.smith@hospital.com","timestamp":"2026-04-04T01:04:01.917718Z"}
{"path":"/auth/login","method":"POST","level":"INFO","ipAddress":"0:0:0:0:0:0:0:1","event":"HTTP_REQUEST","message":"POST /auth/login → 200","userId":null,"durationMs":1549,"timestamp":"2026-04-04T01:04:02.000352Z","statusCode":200}
{"path":"/auth/login","level":"WARN","thresholdMs":500,"event":"SLOW_REQUEST","message":"Request took 1557ms","durationMs":1557,"timestamp":"2026-04-04T01:04:02.006984Z"}
{"path":"/auth/register","method":"POST","level":"ERROR","ip":"0:0:0:0:0:0:0:1","errorClass":"DatabaseException","errorMessage":"Database error during: save patient data","stackTrace":"com.hospital.exception.DatabaseException: Database error during: save patient data\n\tat com.hospital.exception.DatabaseException.wrap(DatabaseException.java:11)\n\tat com.hospital.store.UserStore.saveRoleSpecificData(UserStore.java:107)\n\tat com.hospital.store.UserStore.save(UserStore.java:48)\n\tat com.hospital.service.AuthService.register(AuthService.java:56)\n\tat com.hospital.handler.AuthHandler.register(AuthHandler.java:45)\n\tat com.hospital.Router.route(Router.java:88)\n\tat com.hospital.Router.handl...","event":"APP_EXCEPTION","message":"Database error during: save patient data","timestamp":"2026-04-04T01:05:04.773179Z"}
{"path":"/auth/register","method":"POST","level":"ERROR","ipAddress":"0:0:0:0:0:0:0:1","event":"HTTP_REQUEST","message":"POST /auth/register → 500","userId":null,"durationMs":1480,"timestamp":"2026-04-04T01:05:04.776984Z","statusCode":500}
{"path":"/auth/register","level":"WARN","thresholdMs":500,"event":"SLOW_REQUEST","message":"Request took 1483ms","durationMs":1483,"timestamp":"2026-04-04T01:05:04.780001Z"}
{"level":"INFO","event":"STARTUP","message":"RSA key pair initialized","timestamp":"2026-04-04T01:10:34.854671Z"}
{"level":"INFO","event":"STARTUP","message":"PostgreSQL connected successfully","timestamp":"2026-04-04T01:10:35.607294Z"}
{"level":"INFO","event":"STARTUP","message":"Redis connected successfully","timestamp":"2026-04-04T01:10:36.174199Z"}
{"path":"/auth/register","method":"POST","level":"ERROR","ip":"0:0:0:0:0:0:0:1","errorClass":"DatabaseException","errorMessage":"Database error during: save patient data","stackTrace":"com.hospital.exception.DatabaseException: Database error during: save patient data\n\tat com.hospital.exception.DatabaseException.wrap(DatabaseException.java:11)\n\tat com.hospital.store.UserStore.saveRoleSpecificData(UserStore.java:118)\n\tat com.hospital.store.UserStore.save(UserStore.java:48)\n\tat com.hospital.service.AuthService.register(AuthService.java:56)\n\tat com.hospital.handler.AuthHandler.register(AuthHandler.java:45)\n\tat com.hospital.Router.route(Router.java:88)\n\tat com.hospital.Router.handl...","event":"APP_EXCEPTION","message":"Database error during: save patient data","timestamp":"2026-04-04T01:11:10.779579Z"}
{"path":"/auth/register","method":"POST","level":"ERROR","ipAddress":"0:0:0:0:0:0:0:1","event":"HTTP_REQUEST","message":"POST /auth/register → 500","userId":null,"durationMs":839,"timestamp":"2026-04-04T01:11:10.791632Z","statusCode":500}
{"path":"/auth/register","level":"WARN","thresholdMs":500,"event":"SLOW_REQUEST","message":"Request took 855ms","durationMs":855,"timestamp":"2026-04-04T01:11:10.797691Z"}
